{
  "RSpec": {
    "coverage": {
      "/Users/shane/WDI/HappiTailsMiniPartialSolution/animal.rb": [
        null,
        1,
        null,
        null,
        null,
        1,
        null,
        null,
        null,
        null,
        1,
        2,
        2,
        2,
        2,
        2,
        null,
        null,
        null,
        null,
        1,
        2,
        null,
        null
      ],
      "/Users/shane/WDI/HappiTailsMiniPartialSolution/shelter.rb": [
        1,
        1,
        null,
        1,
        0,
        0,
        0,
        0,
        null,
        null,
        1,
        0,
        null,
        null,
        1,
        0,
        null,
        null,
        1,
        0,
        null,
        null
      ],
      "/Users/shane/WDI/HappiTailsMiniPartialSolution/person.rb": [
        1,
        1,
        null,
        1,
        3,
        3,
        3,
        3,
        3,
        null,
        null,
        1,
        1,
        null,
        null,
        1,
        1,
        null,
        null
      ]
    },
    "timestamp": 1397248664
  }
}
